Added Component: Designator=1(2_pin_screw_terminal)
Added Component: Designator=2(9V_JACK)
Added Component: Designator=C1(TANTAL_CAP)
Added Component: Designator=C2(0603 CAP)
Added Component: Designator=C3(0603 CAP)
Added Component: Designator=C4(0603 CAP)
Added Component: Designator=C5(0603 CAP)
Added Component: Designator=C6(0603 CAP)
Added Component: Designator=C7(0603 CAP)
Added Component: Designator=C8(0603 CAP)
Added Component: Designator=C9(0603 CAP)
Added Component: Designator=C10(0603 CAP)
Added Component: Designator=C11(0603 CAP)
Added Component: Designator=C12(0603 CAP)
Added Component: Designator=C13(0603 CAP)
Added Component: Designator=C14(0603 CAP)
Added Component: Designator=C15(0603 CAP)
Added Component: Designator=C16(0603 CAP)
Added Component: Designator=C17(0603 CAP)
Added Component: Designator=C18(0603 CAP)
Added Component: Designator=C19(2.2uF TAN CAP)
Added Component: Designator=C20(0603 CAP)
Added Component: Designator=ESD1(SOT95P280X145-6N)
Add component (AddParameter): Name = "Availability"; Value = "In Stock"; VariantName = "[No Variations]"
Add component (AddParameter): Name = "Check_prices"; Value = "https://www.snapeda.com/parts/USBLC6-2SC6/STMicroelectronics/view-part/?ref=eda"; VariantName = "[No Variations]"
Add component (AddParameter): Name = "MF"; Value = "STMicroelectronics"; VariantName = "[No Variations]"
Add component (AddParameter): Name = "MP"; Value = "USBLC6-2SC6"; VariantName = "[No Variations]"
Add component (AddParameter): Name = "Package"; Value = "SOT-23-6 STMicroelectronics"; VariantName = "[No Variations]"
Add component (AddParameter): Name = "Price"; Value = "None"; VariantName = "[No Variations]"
Add component (AddParameter): Name = "Purchase-URL"; Value = "https://pricing.snapeda.com/search/part/USBLC6-2SC6/?ref=eda"; VariantName = "[No Variations]"
Add component (AddParameter): Name = "SnapEDA_Link"; Value = "https://www.snapeda.com/parts/USBLC6-2SC6/STMicroelectronics/view-part/?ref=snap"; VariantName = "[No Variations]"
Add component (AddParameter): Name = "Value"; Value = ""; VariantName = "[No Variations]"
Added Component: Designator=ETH1(HANRUN_HR911105A)
Add component (AddParameter): Name = "Availability"; Value = "Not in stock"; VariantName = "[No Variations]"
Add component (AddParameter): Name = "Check_prices"; Value = "https://www.snapeda.com/parts/HR911105A/HanRun/view-part/?ref=eda"; VariantName = "[No Variations]"
Add component (AddParameter): Name = "MF"; Value = "hanrun"; VariantName = "[No Variations]"
Add component (AddParameter): Name = "MP"; Value = "HR911105A"; VariantName = "[No Variations]"
Add component (AddParameter): Name = "Package"; Value = "None"; VariantName = "[No Variations]"
Add component (AddParameter): Name = "Price"; Value = "None"; VariantName = "[No Variations]"
Add component (AddParameter): Name = "SnapEDA_Link"; Value = "https://www.snapeda.com/parts/HR911105A/HanRun/view-part/?ref=snap"; VariantName = "[No Variations]"
Add component (AddParameter): Name = "Value"; Value = ""; VariantName = "[No Variations]"
Added Component: Designator=J1(SOT23-6L)
Add component (AddParameter): Name = "Check_prices"; Value = "https://www.snapeda.com/parts/USBLC6-4SC6/STMicroelectronics/view-part/?ref=eda"; VariantName = "[No Variations]"
Add component (AddParameter): Name = "MF"; Value = "STMicroelectronics"; VariantName = "[No Variations]"
Add component (AddParameter): Name = "MP"; Value = "USBLC6-4SC6"; VariantName = "[No Variations]"
Add component (AddParameter): Name = "Package"; Value = "SOT-23-6 STMicroelectronics"; VariantName = "[No Variations]"
Add component (AddParameter): Name = "SnapEDA_Link"; Value = "https://www.snapeda.com/parts/USBLC6-4SC6/STMicroelectronics/view-part/?ref=snap"; VariantName = "[No Variations]"
Add component (AddParameter): Name = "Value"; Value = ""; VariantName = "[No Variations]"
Added Component: Designator=J2(SOT23-6L)
Add component (AddParameter): Name = "Check_prices"; Value = "https://www.snapeda.com/parts/USBLC6-4SC6/STMicroelectronics/view-part/?ref=eda"; VariantName = "[No Variations]"
Add component (AddParameter): Name = "MF"; Value = "STMicroelectronics"; VariantName = "[No Variations]"
Add component (AddParameter): Name = "MP"; Value = "USBLC6-4SC6"; VariantName = "[No Variations]"
Add component (AddParameter): Name = "Package"; Value = "SOT-23-6 STMicroelectronics"; VariantName = "[No Variations]"
Add component (AddParameter): Name = "SnapEDA_Link"; Value = "https://www.snapeda.com/parts/USBLC6-4SC6/STMicroelectronics/view-part/?ref=snap"; VariantName = "[No Variations]"
Add component (AddParameter): Name = "Value"; Value = ""; VariantName = "[No Variations]"
Added Component: Designator=J3(JST_6P_SMD_FLAT)
Added Component: Designator=J4(JST_4P_SMD_FLAT)
Added Component: Designator=J5(JST_4P_SMD_FLAT)
Added Component: Designator=J6(VALCON_CSP-USC16-TR)
Add component (AddParameter): Name = "Availability"; Value = "In Stock"; VariantName = "[No Variations]"
Add component (AddParameter): Name = "Check_prices"; Value = "https://www.snapeda.com/parts/CSP-USC16-TR/Valcon/view-part/?ref=eda"; VariantName = "[No Variations]"
Add component (AddParameter): Name = "MF"; Value = "Valcon"; VariantName = "[No Variations]"
Add component (AddParameter): Name = "MP"; Value = "CSP-USC16-TR"; VariantName = "[No Variations]"
Add component (AddParameter): Name = "Package"; Value = "None"; VariantName = "[No Variations]"
Add component (AddParameter): Name = "Price"; Value = "None"; VariantName = "[No Variations]"
Add component (AddParameter): Name = "Purchase-URL"; Value = "https://pricing.snapeda.com/search/part/CSP-USC16-TR/?ref=eda"; VariantName = "[No Variations]"
Add component (AddParameter): Name = "SnapEDA_Link"; Value = "https://www.snapeda.com/parts/CSP-USC16-TR/Valcon/view-part/?ref=snap"; VariantName = "[No Variations]"
Add component (AddParameter): Name = "Value"; Value = ""; VariantName = "[No Variations]"
Added Component: Designator=L1(INDC1608X95N)
Add component (AddParameter): Name = "Availability"; Value = "Unavailable"; VariantName = "[No Variations]"
Add component (AddParameter): Name = "MF"; Value = "Murata Electronics"; VariantName = "[No Variations]"
Add component (AddParameter): Name = "MP"; Value = "LQM18DN100M70L"; VariantName = "[No Variations]"
Add component (AddParameter): Name = "Package"; Value = "0603 Murata"; VariantName = "[No Variations]"
Add component (AddParameter): Name = "Price"; Value = "None"; VariantName = "[No Variations]"
Add component (AddParameter): Name = "SnapEDA_Link"; Value = "https://www.snapeda.com/parts/LQM18DN100M70L/Murata/view-part/4834755/?ref=snap"; VariantName = "[No Variations]"
Add component (AddParameter): Name = "Value"; Value = ""; VariantName = "[No Variations]"
Added Component: Designator=R1(0603 RES)
Added Component: Designator=R2(0603 RES)
Added Component: Designator=R3(0603 RES)
Added Component: Designator=R4(0603 RES)
Added Component: Designator=R5(0603 RES)
Added Component: Designator=R6(0603 RES)
Added Component: Designator=R7(0603 RES)
Added Component: Designator=R8(0603 RES)
Added Component: Designator=R9(0603 RES)
Added Component: Designator=R10(0603 RES)
Added Component: Designator=R11(0603 RES)
Added Component: Designator=R12(0603 RES)
Added Component: Designator=R13(0603 RES)
Added Component: Designator=R14(0603 RES)
Added Component: Designator=R15(0603 RES)
Added Component: Designator=R16(0603 RES)
Added Component: Designator=R17(0603 RES)
Added Component: Designator=R18(0603 RES)
Added Component: Designator=R19(0603 RES)
Added Component: Designator=R20(0603 RES)
Added Component: Designator=R21(0603 RES)
Added Component: Designator=R22(0603 RES)
Added Component: Designator=R23(0603 RES)
Added Component: Designator=R24(0603 RES)
Added Component: Designator=R25(0603 RES)
Added Component: Designator=R26(0603 RES)
Added Component: Designator=R27(0603 RES)
Added Component: Designator=REG1(3.3v reg)
Added Component: Designator=UTTL1(QFN50P500X500X100-29N)
Add component (AddParameter): Name = "Availability"; Value = "In Stock"; VariantName = "[No Variations]"
Add component (AddParameter): Name = "Check_prices"; Value = "https://www.snapeda.com/parts/CP2102/Silicon+Labs/view-part/?ref=eda"; VariantName = "[No Variations]"
Add component (AddParameter): Name = "MF"; Value = "Silicon Labs"; VariantName = "[No Variations]"
Add component (AddParameter): Name = "MP"; Value = "CP2102"; VariantName = "[No Variations]"
Add component (AddParameter): Name = "Package"; Value = "WFQFN-20 Silicon Labs"; VariantName = "[No Variations]"
Add component (AddParameter): Name = "Price"; Value = "None"; VariantName = "[No Variations]"
Add component (AddParameter): Name = "Purchase-URL"; Value = "https://pricing.snapeda.com/search/part/CP2102/?ref=eda"; VariantName = "[No Variations]"
Add component (AddParameter): Name = "SnapEDA_Link"; Value = "https://www.snapeda.com/parts/CP2102/Silicon+Labs/view-part/?ref=snap"; VariantName = "[No Variations]"
Add component (AddParameter): Name = "Value"; Value = ""; VariantName = "[No Variations]"
Added Component: Designator=W1(W5500)
Added Component: Designator=Y1(XTAL_7M25090002)
Add component (AddParameter): Name = "Availability"; Value = "In Stock"; VariantName = "[No Variations]"
Add component (AddParameter): Name = "Check_prices"; Value = "https://www.snapeda.com/parts/7M25090002/TXC/view-part/?ref=eda"; VariantName = "[No Variations]"
Add component (AddParameter): Name = "MF"; Value = "TXC"; VariantName = "[No Variations]"
Add component (AddParameter): Name = "MP"; Value = "7M25090002"; VariantName = "[No Variations]"
Add component (AddParameter): Name = "Package"; Value = "SMD-4 TXC"; VariantName = "[No Variations]"
Add component (AddParameter): Name = "Price"; Value = "None"; VariantName = "[No Variations]"
Add component (AddParameter): Name = "Purchase-URL"; Value = "https://pricing.snapeda.com/search/part/7M25090002/?ref=eda"; VariantName = "[No Variations]"
Add component (AddParameter): Name = "SnapEDA_Link"; Value = "https://www.snapeda.com/parts/7M25090002/TXC/view-part/?ref=snap"; VariantName = "[No Variations]"
Add component (AddParameter): Name = "Value"; Value = ""; VariantName = "[No Variations]"
Added Pin To Net: NetName=3.3Va Pin=C10-2
Added Pin To Net: NetName=3.3Va Pin=C13-2
Added Pin To Net: NetName=3.3Va Pin=J1-5
Added Pin To Net: NetName=3.3Va Pin=J2-5
Added Pin To Net: NetName=3.3Va Pin=L1-2
Added Pin To Net: NetName=3.3Va Pin=R1-2
Added Pin To Net: NetName=3.3Va Pin=R2-2
Added Pin To Net: NetName=3.3Va Pin=R3-2
Added Pin To Net: NetName=3.3Va Pin=R4-2
Added Pin To Net: NetName=3.3Va Pin=R5-2
Added Pin To Net: NetName=3.3Va Pin=R6-2
Added Net: Name=3.3Va
Added Pin To Net: NetName=3.3V Pin=C1-2
Added Pin To Net: NetName=3.3V Pin=C2-2
Added Pin To Net: NetName=3.3V Pin=C3-2
Added Pin To Net: NetName=3.3V Pin=C4-2
Added Pin To Net: NetName=3.3V Pin=C5-2
Added Pin To Net: NetName=3.3V Pin=C6-2
Added Pin To Net: NetName=3.3V Pin=C8-2
Added Pin To Net: NetName=3.3V Pin=C19-2
Added Pin To Net: NetName=3.3V Pin=L1-1
Added Pin To Net: NetName=3.3V Pin=R12-2
Added Pin To Net: NetName=3.3V Pin=R13-2
Added Pin To Net: NetName=3.3V Pin=REG1-5
Added Pin To Net: NetName=3.3V Pin=W1-4
Added Pin To Net: NetName=3.3V Pin=W1-15
Added Pin To Net: NetName=3.3V Pin=W1-8
Added Pin To Net: NetName=3.3V Pin=W1-11
Added Pin To Net: NetName=3.3V Pin=W1-17
Added Pin To Net: NetName=3.3V Pin=W1-21
Added Pin To Net: NetName=3.3V Pin=W1-28
Added Net: Name=3.3V
Added Pin To Net: NetName=9v Pin=2-1
Added Pin To Net: NetName=9v Pin=REG1-1
Added Pin To Net: NetName=9v Pin=REG1-3
Added Net: Name=9v
Added Pin To Net: NetName=ACTLED Pin=ETH1-12
Added Pin To Net: NetName=ACTLED Pin=W1-27
Added Net: Name=ACTLED
Added Pin To Net: NetName=D+ Pin=ESD1-1
Added Pin To Net: NetName=D+ Pin=J6-A6
Added Pin To Net: NetName=D+ Pin=J6-B6
Added Net: Name=D+
Added Pin To Net: NetName=D- Pin=ESD1-3
Added Pin To Net: NetName=D- Pin=J6-A7
Added Pin To Net: NetName=D- Pin=J6-B7
Added Net: Name=D-
Added Pin To Net: NetName=DM Pin=ESD1-4
Added Pin To Net: NetName=DM Pin=UTTL1-5
Added Net: Name=DM
Added Pin To Net: NetName=DP Pin=ESD1-6
Added Pin To Net: NetName=DP Pin=UTTL1-4
Added Net: Name=DP
Added Pin To Net: NetName=GND Pin=2-2
Added Pin To Net: NetName=GND Pin=2-3
Added Pin To Net: NetName=GND Pin=C1-1
Added Pin To Net: NetName=GND Pin=C2-1
Added Pin To Net: NetName=GND Pin=C3-1
Added Pin To Net: NetName=GND Pin=C4-1
Added Pin To Net: NetName=GND Pin=C5-1
Added Pin To Net: NetName=GND Pin=C6-1
Added Pin To Net: NetName=GND Pin=C7-1
Added Pin To Net: NetName=GND Pin=C8-1
Added Pin To Net: NetName=GND Pin=C9-1
Added Pin To Net: NetName=GND Pin=C10-1
Added Pin To Net: NetName=GND Pin=C13-1
Added Pin To Net: NetName=GND Pin=C14-1
Added Pin To Net: NetName=GND Pin=C15-1
Added Pin To Net: NetName=GND Pin=C16-1
Added Pin To Net: NetName=GND Pin=C17-1
Added Pin To Net: NetName=GND Pin=C18-1
Added Pin To Net: NetName=GND Pin=C19-1
Added Pin To Net: NetName=GND Pin=C20-1
Added Pin To Net: NetName=GND Pin=ESD1-5
Added Pin To Net: NetName=GND Pin=J1-2
Added Pin To Net: NetName=GND Pin=J2-2
Added Pin To Net: NetName=GND Pin=J6-A1
Added Pin To Net: NetName=GND Pin=J6-A12
Added Pin To Net: NetName=GND Pin=J6-B1
Added Pin To Net: NetName=GND Pin=J6-B12
Added Pin To Net: NetName=GND Pin=J6-S1
Added Pin To Net: NetName=GND Pin=J6-S2
Added Pin To Net: NetName=GND Pin=J6-S3
Added Pin To Net: NetName=GND Pin=J6-S4
Added Pin To Net: NetName=GND Pin=R7-2
Added Pin To Net: NetName=GND Pin=R8-2
Added Pin To Net: NetName=GND Pin=R9-2
Added Pin To Net: NetName=GND Pin=R10-2
Added Pin To Net: NetName=GND Pin=R11-2
Added Pin To Net: NetName=GND Pin=R15-1
Added Pin To Net: NetName=GND Pin=R16-1
Added Pin To Net: NetName=GND Pin=R23-1
Added Pin To Net: NetName=GND Pin=R24-1
Added Pin To Net: NetName=GND Pin=R25-2
Added Pin To Net: NetName=GND Pin=R26-1
Added Pin To Net: NetName=GND Pin=REG1-2
Added Pin To Net: NetName=GND Pin=UTTL1-3
Added Pin To Net: NetName=GND Pin=UTTL1-29
Added Pin To Net: NetName=GND Pin=W1-3
Added Pin To Net: NetName=GND Pin=W1-9
Added Pin To Net: NetName=GND Pin=W1-14
Added Pin To Net: NetName=GND Pin=W1-16
Added Pin To Net: NetName=GND Pin=W1-19
Added Pin To Net: NetName=GND Pin=W1-29
Added Pin To Net: NetName=GND Pin=W1-48
Added Pin To Net: NetName=GND Pin=Y1-2
Added Pin To Net: NetName=GND Pin=Y1-4
Added Net: Name=GND
Added Pin To Net: NetName=LINKLED Pin=ETH1-9
Added Pin To Net: NetName=LINKLED Pin=W1-25
Added Net: Name=LINKLED
Added Pin To Net: NetName=MISO Pin=W1-34
Added Net: Name=MISO
Added Pin To Net: NetName=MOSI Pin=W1-35
Added Net: Name=MOSI
Added Pin To Net: NetName=NetC7_2 Pin=C7-2
Added Pin To Net: NetName=NetC7_2 Pin=ETH1-4
Added Pin To Net: NetName=NetC7_2 Pin=R1-1
Added Net: Name=NetC7_2
Added Pin To Net: NetName=NetC9_2 Pin=C9-2
Added Pin To Net: NetName=NetC9_2 Pin=ETH1-8
Added Pin To Net: NetName=NetC9_2 Pin=ETH1-15
Added Pin To Net: NetName=NetC9_2 Pin=ETH1-16
Added Net: Name=NetC9_2
Added Pin To Net: NetName=NetC11_1 Pin=C11-1
Added Pin To Net: NetName=NetC11_1 Pin=ETH1-3
Added Net: Name=NetC11_1
Added Pin To Net: NetName=NetC11_2 Pin=C11-2
Added Pin To Net: NetName=NetC11_2 Pin=J2-3
Added Net: Name=NetC11_2
Added Pin To Net: NetName=NetC12_1 Pin=C12-1
Added Pin To Net: NetName=NetC12_1 Pin=ETH1-6
Added Net: Name=NetC12_1
Added Pin To Net: NetName=NetC12_2 Pin=C12-2
Added Pin To Net: NetName=NetC12_2 Pin=J2-1
Added Net: Name=NetC12_2
Added Pin To Net: NetName=NetC14_2 Pin=C14-2
Added Pin To Net: NetName=NetC14_2 Pin=R19-1
Added Pin To Net: NetName=NetC14_2 Pin=W1-30
Added Pin To Net: NetName=NetC14_2 Pin=Y1-1
Added Net: Name=NetC14_2
Added Pin To Net: NetName=NetC15_2 Pin=C15-2
Added Pin To Net: NetName=NetC15_2 Pin=R19-2
Added Pin To Net: NetName=NetC15_2 Pin=W1-31
Added Pin To Net: NetName=NetC15_2 Pin=Y1-3
Added Net: Name=NetC15_2
Added Pin To Net: NetName=NetC16_2 Pin=C16-2
Added Pin To Net: NetName=NetC16_2 Pin=W1-20
Added Net: Name=NetC16_2
Added Pin To Net: NetName=NetC17_2 Pin=C17-2
Added Pin To Net: NetName=NetC17_2 Pin=W1-22
Added Net: Name=NetC17_2
Added Pin To Net: NetName=NetC18_2 Pin=C18-2
Added Pin To Net: NetName=NetC18_2 Pin=ETH1-5
Added Pin To Net: NetName=NetC18_2 Pin=R21-1
Added Pin To Net: NetName=NetC18_2 Pin=R22-1
Added Net: Name=NetC18_2
Added Pin To Net: NetName=NetC20_2 Pin=C20-2
Added Pin To Net: NetName=NetC20_2 Pin=REG1-4
Added Net: Name=NetC20_2
Added Pin To Net: NetName=NetETH1_1 Pin=ETH1-1
Added Pin To Net: NetName=NetETH1_1 Pin=J1-3
Added Pin To Net: NetName=NetETH1_1 Pin=R2-1
Added Net: Name=NetETH1_1
Added Pin To Net: NetName=NetETH1_2 Pin=ETH1-2
Added Pin To Net: NetName=NetETH1_2 Pin=J1-1
Added Pin To Net: NetName=NetETH1_2 Pin=R3-1
Added Net: Name=NetETH1_2
Added Pin To Net: NetName=NetETH1_10 Pin=ETH1-10
Added Pin To Net: NetName=NetETH1_10 Pin=R15-2
Added Net: Name=NetETH1_10
Added Pin To Net: NetName=NetETH1_11 Pin=ETH1-11
Added Pin To Net: NetName=NetETH1_11 Pin=R16-2
Added Net: Name=NetETH1_11
Added Pin To Net: NetName=NetJ1_4 Pin=J1-4
Added Pin To Net: NetName=NetJ1_4 Pin=R17-1
Added Net: Name=NetJ1_4
Added Pin To Net: NetName=NetJ1_6 Pin=J1-6
Added Pin To Net: NetName=NetJ1_6 Pin=R14-1
Added Net: Name=NetJ1_6
Added Pin To Net: NetName=NetJ2_4 Pin=J2-4
Added Pin To Net: NetName=NetJ2_4 Pin=R20-1
Added Pin To Net: NetName=NetJ2_4 Pin=R21-2
Added Net: Name=NetJ2_4
Added Pin To Net: NetName=NetJ2_6 Pin=J2-6
Added Pin To Net: NetName=NetJ2_6 Pin=R18-1
Added Pin To Net: NetName=NetJ2_6 Pin=R22-2
Added Net: Name=NetJ2_6
Added Pin To Net: NetName=NetJ6_A5 Pin=J6-A5
Added Pin To Net: NetName=NetJ6_A5 Pin=R25-1
Added Net: Name=NetJ6_A5
Added Pin To Net: NetName=NetJ6_B5 Pin=J6-B5
Added Pin To Net: NetName=NetJ6_B5 Pin=R26-2
Added Net: Name=NetJ6_B5
Added Pin To Net: NetName=NetR4_1 Pin=R4-1
Added Pin To Net: NetName=NetR4_1 Pin=W1-45
Added Net: Name=NetR4_1
Added Pin To Net: NetName=NetR5_1 Pin=R5-1
Added Pin To Net: NetName=NetR5_1 Pin=W1-44
Added Net: Name=NetR5_1
Added Pin To Net: NetName=NetR6_1 Pin=R6-1
Added Pin To Net: NetName=NetR6_1 Pin=W1-43
Added Net: Name=NetR6_1
Added Pin To Net: NetName=NetR7_1 Pin=R7-1
Added Pin To Net: NetName=NetR7_1 Pin=W1-42
Added Net: Name=NetR7_1
Added Pin To Net: NetName=NetR8_1 Pin=R8-1
Added Pin To Net: NetName=NetR8_1 Pin=W1-41
Added Net: Name=NetR8_1
Added Pin To Net: NetName=NetR9_1 Pin=R9-1
Added Pin To Net: NetName=NetR9_1 Pin=W1-40
Added Net: Name=NetR9_1
Added Pin To Net: NetName=NetR10_1 Pin=R10-1
Added Pin To Net: NetName=NetR10_1 Pin=W1-39
Added Net: Name=NetR10_1
Added Pin To Net: NetName=NetR11_1 Pin=R11-1
Added Pin To Net: NetName=NetR11_1 Pin=W1-38
Added Net: Name=NetR11_1
Added Pin To Net: NetName=NetR12_1 Pin=R12-1
Added Pin To Net: NetName=NetR12_1 Pin=W1-37
Added Net: Name=NetR12_1
Added Pin To Net: NetName=NetR14_2 Pin=R14-2
Added Pin To Net: NetName=NetR14_2 Pin=W1-1
Added Net: Name=NetR14_2
Added Pin To Net: NetName=NetR17_2 Pin=R17-2
Added Pin To Net: NetName=NetR17_2 Pin=W1-2
Added Net: Name=NetR17_2
Added Pin To Net: NetName=NetR18_2 Pin=R18-2
Added Pin To Net: NetName=NetR18_2 Pin=W1-5
Added Net: Name=NetR18_2
Added Pin To Net: NetName=NetR20_2 Pin=R20-2
Added Pin To Net: NetName=NetR20_2 Pin=W1-6
Added Net: Name=NetR20_2
Added Pin To Net: NetName=NetR23_2 Pin=R23-2
Added Pin To Net: NetName=NetR23_2 Pin=W1-10
Added Net: Name=NetR23_2
Added Pin To Net: NetName=NetR24_2 Pin=R24-2
Added Pin To Net: NetName=NetR24_2 Pin=W1-23
Added Net: Name=NetR24_2
Added Pin To Net: NetName=NetR27_2 Pin=R27-2
Added Pin To Net: NetName=NetR27_2 Pin=UTTL1-9
Added Net: Name=NetR27_2
Added Pin To Net: NetName=RX Pin=UTTL1-25
Added Net: Name=RX
Added Pin To Net: NetName=SCK Pin=W1-33
Added Net: Name=SCK
Added Pin To Net: NetName=TX Pin=UTTL1-26
Added Net: Name=TX
Added Pin To Net: NetName=VBUS Pin=ESD1-2
Added Pin To Net: NetName=VBUS Pin=J6-A4
Added Pin To Net: NetName=VBUS Pin=J6-A9
Added Pin To Net: NetName=VBUS Pin=J6-B4
Added Pin To Net: NetName=VBUS Pin=J6-B9
Added Pin To Net: NetName=VBUS Pin=R27-1
Added Pin To Net: NetName=VBUS Pin=UTTL1-7
Added Pin To Net: NetName=VBUS Pin=UTTL1-8
Added Net: Name=VBUS
Added Pin To Net: NetName=W5500_CS Pin=W1-32
Added Net: Name=W5500_CS
Added Pin To Net: NetName=W5500_INT Pin=R13-1
Added Pin To Net: NetName=W5500_INT Pin=W1-36
Added Net: Name=W5500_INT
Added Member To Class: ClassName=main Member=Component 1 2 pin screw terminal
Added Member To Class: ClassName=main Member=Component 2 9V_jack
Added Member To Class: ClassName=main Member=Component C1 10uf
Added Member To Class: ClassName=main Member=Component C2 100nf
Added Member To Class: ClassName=main Member=Component C3 100nf
Added Member To Class: ClassName=main Member=Component C4 100nf
Added Member To Class: ClassName=main Member=Component C5 100nf
Added Member To Class: ClassName=main Member=Component C6 100nf
Added Member To Class: ClassName=main Member=Component C7 22nf
Added Member To Class: ClassName=main Member=Component C8 0603 CAP
Added Member To Class: ClassName=main Member=Component C9 10nf
Added Member To Class: ClassName=main Member=Component C10 100nf
Added Member To Class: ClassName=main Member=Component C11 10nf
Added Member To Class: ClassName=main Member=Component C12 10nf
Added Member To Class: ClassName=main Member=Component C13 100nf
Added Member To Class: ClassName=main Member=Component C14 15pf
Added Member To Class: ClassName=main Member=Component C15 15pf
Added Member To Class: ClassName=main Member=Component C16 4u7f
Added Member To Class: ClassName=main Member=Component C17 10nf
Added Member To Class: ClassName=main Member=Component C18 10nf
Added Member To Class: ClassName=main Member=Component C19 2.2uF TAN CAP
Added Member To Class: ClassName=main Member=Component C20 0603 CAP
Added Member To Class: ClassName=main Member=Component ESD1 USBLC6-2SC6
Added Member To Class: ClassName=main Member=Component ETH1 HR911105A
Added Member To Class: ClassName=main Member=Component J1 USBLC6-4SC6
Added Member To Class: ClassName=main Member=Component J2 USBLC6-4SC6
Added Member To Class: ClassName=main Member=Component J3 JST_6P_SMD_FLAT
Added Member To Class: ClassName=main Member=Component J4 JST_4P_SMD_FLAT
Added Member To Class: ClassName=main Member=Component J5 JST_4P_SMD_FLAT
Added Member To Class: ClassName=main Member=Component J6 CSP-USC16-TR
Added Member To Class: ClassName=main Member=Component L1 LQM18DN100M70L
Added Member To Class: ClassName=main Member=Component R1 10R
Added Member To Class: ClassName=main Member=Component R2 47R
Added Member To Class: ClassName=main Member=Component R3 47R
Added Member To Class: ClassName=main Member=Component R4 10k
Added Member To Class: ClassName=main Member=Component R5 10k
Added Member To Class: ClassName=main Member=Component R6 10k
Added Member To Class: ClassName=main Member=Component R7 10k
Added Member To Class: ClassName=main Member=Component R8 10k
Added Member To Class: ClassName=main Member=Component R9 10k
Added Member To Class: ClassName=main Member=Component R10 10k
Added Member To Class: ClassName=main Member=Component R11 10k
Added Member To Class: ClassName=main Member=Component R12 10k
Added Member To Class: ClassName=main Member=Component R13 0603 RES
Added Member To Class: ClassName=main Member=Component R14 22R
Added Member To Class: ClassName=main Member=Component R15 330R
Added Member To Class: ClassName=main Member=Component R16 330R
Added Member To Class: ClassName=main Member=Component R17 22R
Added Member To Class: ClassName=main Member=Component R18 22R
Added Member To Class: ClassName=main Member=Component R19 1M
Added Member To Class: ClassName=main Member=Component R20 22R
Added Member To Class: ClassName=main Member=Component R21 47R
Added Member To Class: ClassName=main Member=Component R22 47R
Added Member To Class: ClassName=main Member=Component R23 0603 RES
Added Member To Class: ClassName=main Member=Component R24 10K
Added Member To Class: ClassName=main Member=Component R25 5.1K
Added Member To Class: ClassName=main Member=Component R26 5.1K
Added Member To Class: ClassName=main Member=Component R27 10K
Added Member To Class: ClassName=main Member=Component REG1 3.3v reg
Added Member To Class: ClassName=main Member=Component UTTL1 CP2102
Added Member To Class: ClassName=main Member=Component W1 W5500
Added Member To Class: ClassName=main Member=Component Y1 7M25090002
