Removed Pin From Net: NetName=3.3V Pin=U1-10
Removed Pin From Net: NetName=GND Pin=U1-11
Removed Pin From Net: NetName=GND Pin=U1-19
Removed Pin From Net: NetName=GND Pin=U1-22
Removed Pin From Net: NetName=3.3V Pin=U1-27
Removed Pin From Net: NetName=GND Pin=U1-28
Removed Pin From Net: NetName=GND Pin=U1-50
Removed Pin From Net: NetName=3.3V Pin=U1-74
Removed Pin From Net: NetName=GND Pin=U1-75
Removed Pin From Net: NetName=3.3V Pin=U1-99
Removed Pin From Net: NetName=GND Pin=U1-100
Change Component Footprint: Designator=C22 Old Footprint=TANTAL_CAP New Footprint=0603 CAP
Change Component Comment : Designator=C22 Old Comment=10uf New Comment=100nf
Change Component Designator: OldDesignator=BOOT NewDesignator=BT1
Change Component Designator: OldDesignator=LED NewDesignator=D6
Change Component Designator: OldDesignator=ON NewDesignator=D1
Change Component Designator: OldDesignator=POWER NewDesignator=2
Change Component Designator: OldDesignator=RX NewDesignator=D5
Change Component Designator: OldDesignator=STLink NewDesignator=H2
Change Component Designator: OldDesignator=TX NewDesignator=D4
Added Component: Designator=C1(TANTAL_CAP)
Added Component: Designator=C26(0603 CAP)
Added Component: Designator=C30(0603 CAP)
Added Component: Designator=C31(0603 CAP)
Added Component: Designator=C32(2.2uF TAN CAP)
Added Component: Designator=C33(2.2uF TAN CAP)
Added Pin To Net: NetName=GND Pin=C1-1
Added Pin To Net: NetName=3.3V Pin=C1-2
Added Pin To Net: NetName=GND Pin=C26-1
Added Pin To Net: NetName=3.3V Pin=C26-2
Added Pin To Net: NetName=GND Pin=C30-1
Added Pin To Net: NetName=3.3V Pin=C30-2
Added Pin To Net: NetName=GND Pin=C31-1
Added Pin To Net: NetName=3.3V Pin=C31-2
Added Pin To Net: NetName=GND Pin=C32-1
Added Pin To Net: NetName=GND Pin=C33-1
Added Pin To Net: NetName=GND Pin=U1-10
Added Pin To Net: NetName=3.3V Pin=U1-11
Added Pin To Net: NetName=3.3V Pin=U1-19
Added Pin To Net: NetName=GND Pin=U1-20
Added Pin To Net: NetName=3.3V Pin=U1-21
Added Pin To Net: NetName=3.3V Pin=U1-22
Added Pin To Net: NetName=GND Pin=U1-27
Added Pin To Net: NetName=3.3V Pin=U1-28
Added Pin To Net: NetName=3.3V Pin=U1-50
Added Pin To Net: NetName=GND Pin=U1-74
Added Pin To Net: NetName=3.3V Pin=U1-75
Added Pin To Net: NetName=GND Pin=U1-99
Added Pin To Net: NetName=3.3V Pin=U1-100
Added Pin To Net: NetName=NetC32_2 Pin=C32-2
Added Pin To Net: NetName=NetC32_2 Pin=U1-73
Added Net: Name=NetC32_2
Added Pin To Net: NetName=NetC33_2 Pin=C33-2
Added Pin To Net: NetName=NetC33_2 Pin=U1-49
Added Net: Name=NetC33_2
Added Member To Class: ClassName=main Member=Component C1 10uf
Added Member To Class: ClassName=main Member=Component C26 100nf
Added Member To Class: ClassName=main Member=Component C30 100nf
Added Member To Class: ClassName=main Member=Component C31 100nf
Added Member To Class: ClassName=main Member=Component C32 2.2uF
Added Member To Class: ClassName=main Member=Component C33 2.2uF
Added Member To Class: ClassName=main Member=Component D5 LED
