Removed Pin From Net: NetName=U1-RX Pin=D3-A
Removed Pin From Net: NetName=U1-TX Pin=D4-A
Removed Pin From Net: NetName=TX Pin=D-A
Removed Pin From Net: NetName=NetD3_C Pin=R31-1
Removed Pin From Net: NetName=NetD4_C Pin=R32-1
Removed Member From Class: ClassName=main Member=D
Added Component: Designator=D5(LEDSC160X80X70L45N)
Add component (AddParameter): Name = "Availability"; Value = "Unavailable"; VariantName = "[No Variations]"
Add component (AddParameter): Name = "MF"; Value = "Dialight"; VariantName = "[No Variations]"
Add component (AddParameter): Name = "MP"; Value = "597-5004-407F"; VariantName = "[No Variations]"
Add component (AddParameter): Name = "Package"; Value = "0603 Dialight"; VariantName = "[No Variations]"
Add component (AddParameter): Name = "Price"; Value = "None"; VariantName = "[No Variations]"
Add component (AddParameter): Name = "SnapEDA_Link"; Value = "https://www.snapeda.com/parts/597-5004-407F/Dialight/view-part/429800/?ref=snap"; VariantName = "[No Variations]"
Add component (AddParameter): Name = "Value"; Value = ""; VariantName = "[No Variations]"
Added Pin To Net: NetName=TX Pin=D3-A
Added Pin To Net: NetName=U1-RX Pin=D4-A
Added Pin To Net: NetName=U1-TX Pin=D5-A
Added Pin To Net: NetName=NetD3_C Pin=R30-1
Added Pin To Net: NetName=NetD4_C Pin=R31-1
Added Pin To Net: NetName=NetD5_C Pin=D5-C
Added Pin To Net: NetName=NetD5_C Pin=R32-1
Added Net: Name=NetD5_C
Added Member To Class: ClassName=main Member=Component D5 LED
