Added Pin To Net: NetName=3.3V Pin=H1-1
Added Pin To Net: NetName=GND Pin=H1-2
Added Pin To Net: NetName=GND Pin=H1-19
Added Pin To Net: NetName=3.3V Pin=H1-20
Added Pin To Net: NetName=3.3V Pin=H1-21
Added Pin To Net: NetName=GND Pin=H1-22
Added Pin To Net: NetName=GND Pin=H1-39
Added Pin To Net: NetName=3.3V Pin=H1-40
Added Pin To Net: NetName=CN1_RX Pin=H1-14
Added Pin To Net: NetName=CN1_RX Pin=U1-70
Added Net: Name=CN1_RX
Added Pin To Net: NetName=CN1_TX Pin=H1-15
Added Pin To Net: NetName=CN1_TX Pin=U1-71
Added Net: Name=CN1_TX
Added Pin To Net: NetName=MISO_3 Pin=H1-11
Added Pin To Net: NetName=MISO_3 Pin=U1-79
Added Net: Name=MISO_3
Added Pin To Net: NetName=MOSI_3 Pin=H1-12
Added Pin To Net: NetName=MOSI_3 Pin=U1-91
Added Net: Name=MOSI_3
Added Pin To Net: NetName=SCK_3 Pin=H1-13
Added Pin To Net: NetName=SCK_3 Pin=U1-78
Added Net: Name=SCK_3
Added Pin To Net: NetName=SCL_2 Pin=H1-4
Added Pin To Net: NetName=SCL_2 Pin=U1-48
Added Net: Name=SCL_2
Added Pin To Net: NetName=SCL_3 Pin=H1-6
Added Pin To Net: NetName=SCL_3 Pin=U1-67
Added Net: Name=SCL_3
Added Pin To Net: NetName=SDA_2 Pin=H1-3
Added Pin To Net: NetName=SDA_2 Pin=U1-47
Added Net: Name=SDA_2
Added Pin To Net: NetName=SDA_3 Pin=H1-5
Added Pin To Net: NetName=SDA_3 Pin=U1-66
Added Net: Name=SDA_3
Added Pin To Net: NetName=U3-RX Pin=H1-8
Added Pin To Net: NetName=U3-RX Pin=U1-56
Added Net: Name=U3-RX
Added Pin To Net: NetName=U3-TX Pin=H1-7
Added Pin To Net: NetName=U3-TX Pin=U1-55
Added Net: Name=U3-TX
Added Pin To Net: NetName=U6-RX Pin=H1-10
Added Pin To Net: NetName=U6-RX Pin=U1-64
Added Net: Name=U6-RX
Added Pin To Net: NetName=U6-TX Pin=H1-9
Added Pin To Net: NetName=U6-TX Pin=U1-63
Added Net: Name=U6-TX
