Removed Pin From Net: NetName=GND Pin=I2C1-
Removed Pin From Net: NetName=GND Pin=I2C1-
Removed Pin From Net: NetName=GND Pin=SPI1-
Removed Pin From Net: NetName=GND Pin=SPI1-
Removed Pin From Net: NetName=GND Pin=UART1-
Removed Pin From Net: NetName=GND Pin=UART1-
Change Component Designator: OldDesignator=2 NewDesignator=POWER
Change Component Designator: OldDesignator=BT1 NewDesignator=BOOT
Change Component Designator: OldDesignator=D1 NewDesignator=ON
Change Component Designator: OldDesignator=D2 NewDesignator=RXD
Change Component Designator: OldDesignator=D3 NewDesignator=TXD
Change Component Designator: OldDesignator=D4 NewDesignator=TX
Change Component Designator: OldDesignator=D5 NewDesignator=RX
Change Component Designator: OldDesignator=D6 NewDesignator=LED
Change Component Designator: OldDesignator=H2 NewDesignator=ST-Link
Change Component Designator: OldDesignator=RST1 NewDesignator=RST
Change Net Name : Old Net Name=NetBT1_1 New Net Name=NetBOOT_1
Change Net Name : Old Net Name=NetD1_C New Net Name=NetON_C
Change Net Name : Old Net Name=NetD2_C New Net Name=NetR29_1
Change Net Name : Old Net Name=NetD3_C New Net Name=NetR30_1
Change Net Name : Old Net Name=NetD4_C New Net Name=NetR31_1
Change Net Name : Old Net Name=NetD5_C New Net Name=NetR32_1
Change Net Name : Old Net Name=NetD6_C New Net Name=NetLED_C
