Removed Pin From Net: NetName=CN1_TX Pin=H1-26
Removed Pin From Net: NetName=CN1_RX Pin=H1-27
Removed Pin From Net: NetName=MOSI_3 Pin=H1-29
Removed Pin From Net: NetName=MISO_3 Pin=H1-30
Removed Pin From Net: NetName=U6-RX Pin=H1-31
Removed Pin From Net: NetName=U6-TX Pin=H1-32
Removed Pin From Net: NetName=U3-RX Pin=H1-33
Removed Pin From Net: NetName=U3-TX Pin=H1-34
Removed Pin From Net: NetName=SCL_3 Pin=H1-35
Removed Pin From Net: NetName=SDA_3 Pin=H1-36
Added Pin To Net: NetName=MOSI_3 Pin=H1-26
Added Pin To Net: NetName=MISO_3 Pin=H1-27
Added Pin To Net: NetName=CN1_TX Pin=H1-29
Added Pin To Net: NetName=CN1_RX Pin=H1-30
Added Pin To Net: NetName=SCL_3 Pin=H1-31
Added Pin To Net: NetName=SDA_3 Pin=H1-32
Added Pin To Net: NetName=U6-RX Pin=H1-33
Added Pin To Net: NetName=U6-TX Pin=H1-34
Added Pin To Net: NetName=U3-RX Pin=H1-35
Added Pin To Net: NetName=U3-TX Pin=H1-36
