Removed Pin From Net: NetName=SDA_2 Pin=H1-3
Removed Pin From Net: NetName=SCL_2 Pin=H1-4
Removed Pin From Net: NetName=SDA_3 Pin=H1-5
Removed Pin From Net: NetName=SCL_3 Pin=H1-6
Removed Pin From Net: NetName=U3-TX Pin=H1-7
Removed Pin From Net: NetName=U3-RX Pin=H1-8
Removed Pin From Net: NetName=U6-TX Pin=H1-9
Removed Pin From Net: NetName=U6-RX Pin=H1-10
Removed Pin From Net: NetName=MISO_3 Pin=H1-11
Removed Pin From Net: NetName=MOSI_3 Pin=H1-12
Removed Pin From Net: NetName=SCK_3 Pin=H1-13
Removed Pin From Net: NetName=CN1_RX Pin=H1-14
Removed Pin From Net: NetName=CN1_TX Pin=H1-15
Added Pin To Net: NetName=CN1_TX Pin=H1-26
Added Pin To Net: NetName=CN1_RX Pin=H1-27
Added Pin To Net: NetName=SCK_3 Pin=H1-28
Added Pin To Net: NetName=MOSI_3 Pin=H1-29
Added Pin To Net: NetName=MISO_3 Pin=H1-30
Added Pin To Net: NetName=U6-RX Pin=H1-31
Added Pin To Net: NetName=U6-TX Pin=H1-32
Added Pin To Net: NetName=U3-RX Pin=H1-33
Added Pin To Net: NetName=U3-TX Pin=H1-34
Added Pin To Net: NetName=SCL_3 Pin=H1-35
Added Pin To Net: NetName=SDA_3 Pin=H1-36
Added Pin To Net: NetName=SCL_2 Pin=H1-37
Added Pin To Net: NetName=SDA_2 Pin=H1-38
