Removed Pin From Net: NetName=GND Pin=J6-A1
Removed Pin From Net: NetName=VBUS Pin=J6-A4
Removed Pin From Net: NetName=NetJ6_A5 Pin=J6-A5
Removed Pin From Net: NetName=D+ Pin=J6-A6
Removed Pin From Net: NetName=D- Pin=J6-A7
Removed Pin From Net: NetName=VBUS Pin=J6-A9
Removed Pin From Net: NetName=GND Pin=J6-A12
Removed Pin From Net: NetName=GND Pin=J6-B1
Removed Pin From Net: NetName=VBUS Pin=J6-B4
Removed Pin From Net: NetName=NetJ6_B5 Pin=J6-B5
Removed Pin From Net: NetName=D+ Pin=J6-B6
Removed Pin From Net: NetName=D- Pin=J6-B7
Removed Pin From Net: NetName=VBUS Pin=J6-B9
Removed Pin From Net: NetName=GND Pin=J6-B12
Removed Pin From Net: NetName=GND Pin=J6-S1
Removed Pin From Net: NetName=GND Pin=J6-S2
Removed Pin From Net: NetName=GND Pin=J6-S3
Removed Pin From Net: NetName=GND Pin=J6-S4
Removed Member From Class: ClassName=main Member=J6
Added Component: Designator=J3(VALCON_CSP-USC16-TR)
Add component (AddParameter): Name = "Availability"; Value = "In Stock"; VariantName = "[No Variations]"
Add component (AddParameter): Name = "Check_prices"; Value = "https://www.snapeda.com/parts/CSP-USC16-TR/Valcon/view-part/?ref=eda"; VariantName = "[No Variations]"
Add component (AddParameter): Name = "MF"; Value = "Valcon"; VariantName = "[No Variations]"
Add component (AddParameter): Name = "MP"; Value = "CSP-USC16-TR"; VariantName = "[No Variations]"
Add component (AddParameter): Name = "Package"; Value = "None"; VariantName = "[No Variations]"
Add component (AddParameter): Name = "Price"; Value = "None"; VariantName = "[No Variations]"
Add component (AddParameter): Name = "Purchase-URL"; Value = "https://pricing.snapeda.com/search/part/CSP-USC16-TR/?ref=eda"; VariantName = "[No Variations]"
Add component (AddParameter): Name = "SnapEDA_Link"; Value = "https://www.snapeda.com/parts/CSP-USC16-TR/Valcon/view-part/?ref=snap"; VariantName = "[No Variations]"
Add component (AddParameter): Name = "Value"; Value = ""; VariantName = "[No Variations]"
Added Pin To Net: NetName=GND Pin=J3-A1
Added Pin To Net: NetName=VBUS Pin=J3-A4
Added Pin To Net: NetName=D- Pin=J3-A6
Added Pin To Net: NetName=D+ Pin=J3-A7
Added Pin To Net: NetName=NetJ6_B5 Pin=J3-A8
Added Pin To Net: NetName=VBUS Pin=J3-A9
Added Pin To Net: NetName=GND Pin=J3-A12
Added Pin To Net: NetName=GND Pin=J3-B1
Added Pin To Net: NetName=VBUS Pin=J3-B4
Added Pin To Net: NetName=D- Pin=J3-B6
Added Pin To Net: NetName=D+ Pin=J3-B7
Added Pin To Net: NetName=NetJ6_A5 Pin=J3-B8
Added Pin To Net: NetName=VBUS Pin=J3-B9
Added Pin To Net: NetName=GND Pin=J3-B12
Change Net Name : Old Net Name=NetJ6_A5 New Net Name=NetJ3_B8
Change Net Name : Old Net Name=NetJ6_B5 New Net Name=NetJ3_A8
Added Member To Class: ClassName=main Member=Component J3 CSP-USC16-TR
